C:\Users\agi10\anaconda3\envs\agi_sim\lib\site-packages\huggingface_hub\file_download.py:949: FutureWarning: `resume_download` is deprecated and will be removed in version 1.0.0. Downloads always resume when possible. If you want to force a new download, use `force_download=True`.
  warnings.warn(
C:\Users\agi10\anaconda3\envs\agi_sim\lib\site-packages\huggingface_hub\file_download.py:949: FutureWarning: `resume_download` is deprecated and will be removed in version 1.0.0. Downloads always resume when possible. If you want to force a new download, use `force_download=True`.
  warnings.warn(
Special tokens have been added in the vocabulary, make sure the associated word embeddings are fine-tuned or trained.

==============================================================
  ęØ”åäøč¼čé©č­
==============================================================
  processor č¼å„å®ęļ¼2.8sļ¼
Loading checkpoint shards:   0%|          | 0/2 [00:00<?, ?it/s]Loading checkpoint shards:  50%|¢i¢i¢i¢i¢i     | 1/2 [00:02<00:02,  2.12s/it]Loading checkpoint shards: 100%|¢i¢i¢i¢i¢i¢i¢i¢i¢i¢i| 2/2 [00:03<00:00,  1.67s/it]Loading checkpoint shards: 100%|¢i¢i¢i¢i¢i¢i¢i¢i¢i¢i| 2/2 [00:03<00:00,  1.74s/it]
C:\Users\agi10\anaconda3\envs\agi_sim\lib\site-packages\huggingface_hub\file_download.py:949: FutureWarning: `resume_download` is deprecated and will be removed in version 1.0.0. Downloads always resume when possible. If you want to force a new download, use `force_download=True`.
  warnings.warn(
  model č¼å„å®ęļ¼163.1sļ¼ļ¼č£ē½®ļ¼cuda:0

==============================================================
  0. éē½®ęø¬č©¦ē°å¢
==============================================================
å·²éē½® 5 åč§č²ļ¼['A', 'B', 'C', 'D', 'E']
  č§č² JSON å·²éē½®

==============================================================
  1. ē³»ēµ±åå§å
==============================================================
[ModelLoader] č¼å„ęØ”åļ¼microsoft/Phi-3.5-vision-instruct
[ModelLoader] č£ē½®ļ¼cuda:0
Loading checkpoint shards:   0%|          | 0/2 [00:00<?, ?it/s]Loading checkpoint shards:  50%|¢i¢i¢i¢i¢i     | 1/2 [00:01<00:01,  1.18s/it]Loading checkpoint shards: 100%|¢i¢i¢i¢i¢i¢i¢i¢i¢i¢i| 2/2 [00:01<00:00,  1.17it/s]Loading checkpoint shards: 100%|¢i¢i¢i¢i¢i¢i¢i¢i¢i¢i| 2/2 [00:01<00:00,  1.11it/s]
Special tokens have been added in the vocabulary, make sure the associated word embeddings are fine-tuned or trained.
[23:22:23] [INFO] AgentManager Ŗģ©l¤Ę”AØ¤¦ā”G['A', 'B', 'C', 'D', 'E']
[23:22:23] [INFO] ===== ¦Ū„D®É¶”¬q 06:00 ¶}©l =====
[23:22:23] [INFO] [A] D001_T001 | mode=markov | C=0.400 | action=„š®§
[23:22:23] [INFO] [B] D001_T001 | mode=markov | C=0.300 | action=„š®§
[23:22:23] [INFO] [C] D001_T001 | mode=markov | C=0.300 | action=„š®§
[23:22:23] [INFO] [D] D001_T001 | mode=markov | C=0.400 | action=„š®§
[23:22:23] [INFO] [E] D001_T001 | mode=markov | C=0.300 | action=„š®§
[23:22:23] [INFO] ===== ¦Ū„D®É¶”¬q 07:00 ¶}©l =====
C:\Users\agi10\anaconda3\envs\agi_sim\lib\site-packages\transformers\generation\configuration_utils.py:492: UserWarning: `do_sample` is set to `False`. However, `temperature` is set to `0.0` -- this flag is only used in sample-based generation modes. You should set `do_sample=True` or unset `temperature`.
  warnings.warn(
You are not running the flash-attention implementation, expect numerical differences.
[23:25:22] [ERROR] [A] ¦Ū„DØMµ¦„¢±Ń”GCUDA error: an illegal memory access was encountered
CUDA kernel errors might be asynchronously reported at some other API call, so the stacktrace below might be incorrect.
For debugging consider passing CUDA_LAUNCH_BLOCKING=1
Compile with `TORCH_USE_CUDA_DSA` to enable device-side assertions.

[23:25:22] [ERROR] [B] ¦Ū„DØMµ¦„¢±Ń”GCUDA error: an illegal memory access was encountered
CUDA kernel errors might be asynchronously reported at some other API call, so the stacktrace below might be incorrect.
For debugging consider passing CUDA_LAUNCH_BLOCKING=1
Compile with `TORCH_USE_CUDA_DSA` to enable device-side assertions.

[23:25:22] [ERROR] [C] ¦Ū„DØMµ¦„¢±Ń”GCUDA error: an illegal memory access was encountered
CUDA kernel errors might be asynchronously reported at some other API call, so the stacktrace below might be incorrect.
For debugging consider passing CUDA_LAUNCH_BLOCKING=1
Compile with `TORCH_USE_CUDA_DSA` to enable device-side assertions.

[23:25:22] [ERROR] [D] ¦Ū„DØMµ¦„¢±Ń”GCUDA error: an illegal memory access was encountered
CUDA kernel errors might be asynchronously reported at some other API call, so the stacktrace below might be incorrect.
For debugging consider passing CUDA_LAUNCH_BLOCKING=1
Compile with `TORCH_USE_CUDA_DSA` to enable device-side assertions.

[23:25:22] [ERROR] [E] ¦Ū„DØMµ¦„¢±Ń”GCUDA error: an illegal memory access was encountered
CUDA kernel errors might be asynchronously reported at some other API call, so the stacktrace below might be incorrect.
For debugging consider passing CUDA_LAUNCH_BLOCKING=1
Compile with `TORCH_USE_CUDA_DSA` to enable device-side assertions.

[23:25:22] [INFO] ===== ¦Ū„D®É¶”¬q 08:00 ¶}©l =====
[23:25:22] [ERROR] [A] ¦Ū„DØMµ¦„¢±Ń”GCUDA error: an illegal memory access was encountered
CUDA kernel errors might be asynchronously reported at some other API call, so the stacktrace below might be incorrect.
For debugging consider passing CUDA_LAUNCH_BLOCKING=1
Compile with `TORCH_USE_CUDA_DSA` to enable device-side assertions.

[23:25:22] [ERROR] [B] ¦Ū„DØMµ¦„¢±Ń”GCUDA error: an illegal memory access was encountered
CUDA kernel errors might be asynchronously reported at some other API call, so the stacktrace below might be incorrect.
For debugging consider passing CUDA_LAUNCH_BLOCKING=1
Compile with `TORCH_USE_CUDA_DSA` to enable device-side assertions.

[23:25:22] [ERROR] [C] ¦Ū„DØMµ¦„¢±Ń”GCUDA error: an illegal memory access was encountered
CUDA kernel errors might be asynchronously reported at some other API call, so the stacktrace below might be incorrect.
For debugging consider passing CUDA_LAUNCH_BLOCKING=1
Compile with `TORCH_USE_CUDA_DSA` to enable device-side assertions.

[23:25:22] [ERROR] [D] ¦Ū„DØMµ¦„¢±Ń”GCUDA error: an illegal memory access was encountered
CUDA kernel errors might be asynchronously reported at some other API call, so the stacktrace below might be incorrect.
For debugging consider passing CUDA_LAUNCH_BLOCKING=1
Compile with `TORCH_USE_CUDA_DSA` to enable device-side assertions.

[23:25:22] [ERROR] [E] ¦Ū„DØMµ¦„¢±Ń”GCUDA error: an illegal memory access was encountered
CUDA kernel errors might be asynchronously reported at some other API call, so the stacktrace below might be incorrect.
For debugging consider passing CUDA_LAUNCH_BLOCKING=1
Compile with `TORCH_USE_CUDA_DSA` to enable device-side assertions.

[23:25:22] [INFO] ===== ¦Ū„D®É¶”¬q 09:00 ¶}©l =====
[23:25:22] [ERROR] [A] ¦Ū„DØMµ¦„¢±Ń”GCUDA error: an illegal memory access was encountered
CUDA kernel errors might be asynchronously reported at some other API call, so the stacktrace below might be incorrect.
For debugging consider passing CUDA_LAUNCH_BLOCKING=1
Compile with `TORCH_USE_CUDA_DSA` to enable device-side assertions.

[23:25:22] [ERROR] [B] ¦Ū„DØMµ¦„¢±Ń”GCUDA error: an illegal memory access was encountered
CUDA kernel errors might be asynchronously reported at some other API call, so the stacktrace below might be incorrect.
For debugging consider passing CUDA_LAUNCH_BLOCKING=1
Compile with `TORCH_USE_CUDA_DSA` to enable device-side assertions.

[23:25:22] [ERROR] [C] ¦Ū„DØMµ¦„¢±Ń”GCUDA error: an illegal memory access was encountered
CUDA kernel errors might be asynchronously reported at some other API call, so the stacktrace below might be incorrect.
For debugging consider passing CUDA_LAUNCH_BLOCKING=1
Compile with `TORCH_USE_CUDA_DSA` to enable device-side assertions.

[23:25:22] [ERROR] [D] ¦Ū„DØMµ¦„¢±Ń”GCUDA error: an illegal memory access was encountered
CUDA kernel errors might be asynchronously reported at some other API call, so the stacktrace below might be incorrect.
For debugging consider passing CUDA_LAUNCH_BLOCKING=1
Compile with `TORCH_USE_CUDA_DSA` to enable device-side assertions.

[23:25:22] [ERROR] [E] ¦Ū„DØMµ¦„¢±Ń”GCUDA error: an illegal memory access was encountered
CUDA kernel errors might be asynchronously reported at some other API call, so the stacktrace below might be incorrect.
For debugging consider passing CUDA_LAUNCH_BLOCKING=1
Compile with `TORCH_USE_CUDA_DSA` to enable device-side assertions.

[23:25:22] [INFO] ===== ¦Ū„D®É¶”¬q 10:00 ¶}©l =====
[23:25:22] [ERROR] [A] ¦Ū„DØMµ¦„¢±Ń”GCUDA error: an illegal memory access was encountered
CUDA kernel errors might be asynchronously reported at some other API call, so the stacktrace below might be incorrect.
For debugging consider passing CUDA_LAUNCH_BLOCKING=1
Compile with `TORCH_USE_CUDA_DSA` to enable device-side assertions.

[23:25:22] [ERROR] [B] ¦Ū„DØMµ¦„¢±Ń”GCUDA error: an illegal memory access was encountered
CUDA kernel errors might be asynchronously reported at some other API call, so the stacktrace below might be incorrect.
For debugging consider passing CUDA_LAUNCH_BLOCKING=1
Compile with `TORCH_USE_CUDA_DSA` to enable device-side assertions.

[23:25:22] [ERROR] [C] ¦Ū„DØMµ¦„¢±Ń”GCUDA error: an illegal memory access was encountered
CUDA kernel errors might be asynchronously reported at some other API call, so the stacktrace below might be incorrect.
For debugging consider passing CUDA_LAUNCH_BLOCKING=1
Compile with `TORCH_USE_CUDA_DSA` to enable device-side assertions.

[23:25:22] [ERROR] [D] ¦Ū„DØMµ¦„¢±Ń”GCUDA error: an illegal memory access was encountered
CUDA kernel errors might be asynchronously reported at some other API call, so the stacktrace below might be incorrect.
For debugging consider passing CUDA_LAUNCH_BLOCKING=1
Compile with `TORCH_USE_CUDA_DSA` to enable device-side assertions.

[23:25:22] [ERROR] [E] ¦Ū„DØMµ¦„¢±Ń”GCUDA error: an illegal memory access was encountered
CUDA kernel errors might be asynchronously reported at some other API call, so the stacktrace below might be incorrect.
For debugging consider passing CUDA_LAUNCH_BLOCKING=1
Compile with `TORCH_USE_CUDA_DSA` to enable device-side assertions.

[23:25:22] [INFO] ===== ¦Ū„D®É¶”¬q 11:00 ¶}©l =====
[23:25:22] [ERROR] [A] ¦Ū„DØMµ¦„¢±Ń”GCUDA error: an illegal memory access was encountered
CUDA kernel errors might be asynchronously reported at some other API call, so the stacktrace below might be incorrect.
For debugging consider passing CUDA_LAUNCH_BLOCKING=1
Compile with `TORCH_USE_CUDA_DSA` to enable device-side assertions.

[23:25:22] [ERROR] [B] ¦Ū„DØMµ¦„¢±Ń”GCUDA error: an illegal memory access was encountered
CUDA kernel errors might be asynchronously reported at some other API call, so the stacktrace below might be incorrect.
For debugging consider passing CUDA_LAUNCH_BLOCKING=1
Compile with `TORCH_USE_CUDA_DSA` to enable device-side assertions.

[23:25:22] [ERROR] [C] ¦Ū„DØMµ¦„¢±Ń”GCUDA error: an illegal memory access was encountered
CUDA kernel errors might be asynchronously reported at some other API call, so the stacktrace below might be incorrect.
For debugging consider passing CUDA_LAUNCH_BLOCKING=1
Compile with `TORCH_USE_CUDA_DSA` to enable device-side assertions.

[23:25:22] [ERROR] [D] ¦Ū„DØMµ¦„¢±Ń”GCUDA error: an illegal memory access was encountered
CUDA kernel errors might be asynchronously reported at some other API call, so the stacktrace below might be incorrect.
For debugging consider passing CUDA_LAUNCH_BLOCKING=1
Compile with `TORCH_USE_CUDA_DSA` to enable device-side assertions.

[23:25:22] [ERROR] [E] ¦Ū„DØMµ¦„¢±Ń”GCUDA error: an illegal memory access was encountered
CUDA kernel errors might be asynchronously reported at some other API call, so the stacktrace below might be incorrect.
For debugging consider passing CUDA_LAUNCH_BLOCKING=1
Compile with `TORCH_USE_CUDA_DSA` to enable device-side assertions.

[23:25:22] [INFO] ===== ¦Ū„D®É¶”¬q 12:00 ¶}©l =====
[23:25:22] [ERROR] [A] ¦Ū„DØMµ¦„¢±Ń”GCUDA error: an illegal memory access was encountered
CUDA kernel errors might be asynchronously reported at some other API call, so the stacktrace below might be incorrect.
For debugging consider passing CUDA_LAUNCH_BLOCKING=1
Compile with `TORCH_USE_CUDA_DSA` to enable device-side assertions.

[23:25:22] [ERROR] [B] ¦Ū„DØMµ¦„¢±Ń”GCUDA error: an illegal memory access was encountered
CUDA kernel errors might be asynchronously reported at some other API call, so the stacktrace below might be incorrect.
For debugging consider passing CUDA_LAUNCH_BLOCKING=1
Compile with `TORCH_USE_CUDA_DSA` to enable device-side assertions.

[23:25:22] [ERROR] [C] ¦Ū„DØMµ¦„¢±Ń”GCUDA error: an illegal memory access was encountered
CUDA kernel errors might be asynchronously reported at some other API call, so the stacktrace below might be incorrect.
For debugging consider passing CUDA_LAUNCH_BLOCKING=1
Compile with `TORCH_USE_CUDA_DSA` to enable device-side assertions.

[23:25:22] [ERROR] [D] ¦Ū„DØMµ¦„¢±Ń”GCUDA error: an illegal memory access was encountered
CUDA kernel errors might be asynchronously reported at some other API call, so the stacktrace below might be incorrect.
For debugging consider passing CUDA_LAUNCH_BLOCKING=1
Compile with `TORCH_USE_CUDA_DSA` to enable device-side assertions.

[23:25:22] [ERROR] [E] ¦Ū„DØMµ¦„¢±Ń”GCUDA error: an illegal memory access was encountered
CUDA kernel errors might be asynchronously reported at some other API call, so the stacktrace below might be incorrect.
For debugging consider passing CUDA_LAUNCH_BLOCKING=1
Compile with `TORCH_USE_CUDA_DSA` to enable device-side assertions.

[23:25:22] [INFO] ===== ¦Ū„D®É¶”¬q 13:00 ¶}©l =====
[23:25:22] [ERROR] [A] ¦Ū„DØMµ¦„¢±Ń”GCUDA error: an illegal memory access was encountered
CUDA kernel errors might be asynchronously reported at some other API call, so the stacktrace below might be incorrect.
For debugging consider passing CUDA_LAUNCH_BLOCKING=1
Compile with `TORCH_USE_CUDA_DSA` to enable device-side assertions.

[23:25:22] [ERROR] [B] ¦Ū„DØMµ¦„¢±Ń”GCUDA error: an illegal memory access was encountered
CUDA kernel errors might be asynchronously reported at some other API call, so the stacktrace below might be incorrect.
For debugging consider passing CUDA_LAUNCH_BLOCKING=1
Compile with `TORCH_USE_CUDA_DSA` to enable device-side assertions.

[23:25:22] [ERROR] [C] ¦Ū„DØMµ¦„¢±Ń”GCUDA error: an illegal memory access was encountered
CUDA kernel errors might be asynchronously reported at some other API call, so the stacktrace below might be incorrect.
For debugging consider passing CUDA_LAUNCH_BLOCKING=1
Compile with `TORCH_USE_CUDA_DSA` to enable device-side assertions.

[23:25:22] [ERROR] [D] ¦Ū„DØMµ¦„¢±Ń”GCUDA error: an illegal memory access was encountered
CUDA kernel errors might be asynchronously reported at some other API call, so the stacktrace below might be incorrect.
For debugging consider passing CUDA_LAUNCH_BLOCKING=1
Compile with `TORCH_USE_CUDA_DSA` to enable device-side assertions.

[23:25:22] [ERROR] [E] ¦Ū„DØMµ¦„¢±Ń”GCUDA error: an illegal memory access was encountered
CUDA kernel errors might be asynchronously reported at some other API call, so the stacktrace below might be incorrect.
For debugging consider passing CUDA_LAUNCH_BLOCKING=1
Compile with `TORCH_USE_CUDA_DSA` to enable device-side assertions.

[23:25:22] [INFO] ===== ¦Ū„D®É¶”¬q 14:00 ¶}©l =====
[23:25:22] [ERROR] [A] ¦Ū„DØMµ¦„¢±Ń”GCUDA error: an illegal memory access was encountered
CUDA kernel errors might be asynchronously reported at some other API call, so the stacktrace below might be incorrect.
For debugging consider passing CUDA_LAUNCH_BLOCKING=1
Compile with `TORCH_USE_CUDA_DSA` to enable device-side assertions.

[23:25:22] [ERROR] [B] ¦Ū„DØMµ¦„¢±Ń”GCUDA error: an illegal memory access was encountered
CUDA kernel errors might be asynchronously reported at some other API call, so the stacktrace below might be incorrect.
For debugging consider passing CUDA_LAUNCH_BLOCKING=1
Compile with `TORCH_USE_CUDA_DSA` to enable device-side assertions.

[23:25:22] [ERROR] [C] ¦Ū„DØMµ¦„¢±Ń”GCUDA error: an illegal memory access was encountered
CUDA kernel errors might be asynchronously reported at some other API call, so the stacktrace below might be incorrect.
For debugging consider passing CUDA_LAUNCH_BLOCKING=1
Compile with `TORCH_USE_CUDA_DSA` to enable device-side assertions.

[23:25:22] [ERROR] [D] ¦Ū„DØMµ¦„¢±Ń”GCUDA error: an illegal memory access was encountered
CUDA kernel errors might be asynchronously reported at some other API call, so the stacktrace below might be incorrect.
For debugging consider passing CUDA_LAUNCH_BLOCKING=1
Compile with `TORCH_USE_CUDA_DSA` to enable device-side assertions.

[23:25:22] [ERROR] [E] ¦Ū„DØMµ¦„¢±Ń”GCUDA error: an illegal memory access was encountered
CUDA kernel errors might be asynchronously reported at some other API call, so the stacktrace below might be incorrect.
For debugging consider passing CUDA_LAUNCH_BLOCKING=1
Compile with `TORCH_USE_CUDA_DSA` to enable device-side assertions.

[23:25:22] [INFO] ===== ¦Ū„D®É¶”¬q 15:00 ¶}©l =====
[23:25:22] [ERROR] [A] ¦Ū„DØMµ¦„¢±Ń”GCUDA error: an illegal memory access was encountered
CUDA kernel errors might be asynchronously reported at some other API call, so the stacktrace below might be incorrect.
For debugging consider passing CUDA_LAUNCH_BLOCKING=1
Compile with `TORCH_USE_CUDA_DSA` to enable device-side assertions.

[23:25:22] [ERROR] [B] ¦Ū„DØMµ¦„¢±Ń”GCUDA error: an illegal memory access was encountered
CUDA kernel errors might be asynchronously reported at some other API call, so the stacktrace below might be incorrect.
For debugging consider passing CUDA_LAUNCH_BLOCKING=1
Compile with `TORCH_USE_CUDA_DSA` to enable device-side assertions.

[23:25:22] [ERROR] [C] ¦Ū„DØMµ¦„¢±Ń”GCUDA error: an illegal memory access was encountered
CUDA kernel errors might be asynchronously reported at some other API call, so the stacktrace below might be incorrect.
For debugging consider passing CUDA_LAUNCH_BLOCKING=1
Compile with `TORCH_USE_CUDA_DSA` to enable device-side assertions.

[23:25:22] [ERROR] [D] ¦Ū„DØMµ¦„¢±Ń”GCUDA error: an illegal memory access was encountered
CUDA kernel errors might be asynchronously reported at some other API call, so the stacktrace below might be incorrect.
For debugging consider passing CUDA_LAUNCH_BLOCKING=1
Compile with `TORCH_USE_CUDA_DSA` to enable device-side assertions.

[23:25:22] [ERROR] [E] ¦Ū„DØMµ¦„¢±Ń”GCUDA error: an illegal memory access was encountered
CUDA kernel errors might be asynchronously reported at some other API call, so the stacktrace below might be incorrect.
For debugging consider passing CUDA_LAUNCH_BLOCKING=1
Compile with `TORCH_USE_CUDA_DSA` to enable device-side assertions.

[23:25:22] [INFO] ===== ¦Ū„D®É¶”¬q 16:00 ¶}©l =====
[23:25:22] [ERROR] [A] ¦Ū„DØMµ¦„¢±Ń”GCUDA error: an illegal memory access was encountered
CUDA kernel errors might be asynchronously reported at some other API call, so the stacktrace below might be incorrect.
For debugging consider passing CUDA_LAUNCH_BLOCKING=1
Compile with `TORCH_USE_CUDA_DSA` to enable device-side assertions.

[23:25:22] [ERROR] [B] ¦Ū„DØMµ¦„¢±Ń”GCUDA error: an illegal memory access was encountered
CUDA kernel errors might be asynchronously reported at some other API call, so the stacktrace below might be incorrect.
For debugging consider passing CUDA_LAUNCH_BLOCKING=1
Compile with `TORCH_USE_CUDA_DSA` to enable device-side assertions.

[23:25:22] [ERROR] [C] ¦Ū„DØMµ¦„¢±Ń”GCUDA error: an illegal memory access was encountered
CUDA kernel errors might be asynchronously reported at some other API call, so the stacktrace below might be incorrect.
For debugging consider passing CUDA_LAUNCH_BLOCKING=1
Compile with `TORCH_USE_CUDA_DSA` to enable device-side assertions.

[23:25:22] [ERROR] [D] ¦Ū„DØMµ¦„¢±Ń”GCUDA error: an illegal memory access was encountered
CUDA kernel errors might be asynchronously reported at some other API call, so the stacktrace below might be incorrect.
For debugging consider passing CUDA_LAUNCH_BLOCKING=1
Compile with `TORCH_USE_CUDA_DSA` to enable device-side assertions.

[23:25:22] [ERROR] [E] ¦Ū„DØMµ¦„¢±Ń”GCUDA error: an illegal memory access was encountered
CUDA kernel errors might be asynchronously reported at some other API call, so the stacktrace below might be incorrect.
For debugging consider passing CUDA_LAUNCH_BLOCKING=1
Compile with `TORCH_USE_CUDA_DSA` to enable device-side assertions.

[23:25:22] [INFO] ===== ¦Ū„D®É¶”¬q 17:00 ¶}©l =====
[23:25:22] [ERROR] [A] ¦Ū„DØMµ¦„¢±Ń”GCUDA error: an illegal memory access was encountered
CUDA kernel errors might be asynchronously reported at some other API call, so the stacktrace below might be incorrect.
For debugging consider passing CUDA_LAUNCH_BLOCKING=1
Compile with `TORCH_USE_CUDA_DSA` to enable device-side assertions.

[23:25:22] [ERROR] [B] ¦Ū„DØMµ¦„¢±Ń”GCUDA error: an illegal memory access was encountered
CUDA kernel errors might be asynchronously reported at some other API call, so the stacktrace below might be incorrect.
For debugging consider passing CUDA_LAUNCH_BLOCKING=1
Compile with `TORCH_USE_CUDA_DSA` to enable device-side assertions.

[23:25:22] [ERROR] [C] ¦Ū„DØMµ¦„¢±Ń”GCUDA error: an illegal memory access was encountered
CUDA kernel errors might be asynchronously reported at some other API call, so the stacktrace below might be incorrect.
For debugging consider passing CUDA_LAUNCH_BLOCKING=1
Compile with `TORCH_USE_CUDA_DSA` to enable device-side assertions.

[23:25:22] [ERROR] [D] ¦Ū„DØMµ¦„¢±Ń”GCUDA error: an illegal memory access was encountered
CUDA kernel errors might be asynchronously reported at some other API call, so the stacktrace below might be incorrect.
For debugging consider passing CUDA_LAUNCH_BLOCKING=1
Compile with `TORCH_USE_CUDA_DSA` to enable device-side assertions.

[23:25:22] [ERROR] [E] ¦Ū„DØMµ¦„¢±Ń”GCUDA error: an illegal memory access was encountered
CUDA kernel errors might be asynchronously reported at some other API call, so the stacktrace below might be incorrect.
For debugging consider passing CUDA_LAUNCH_BLOCKING=1
Compile with `TORCH_USE_CUDA_DSA` to enable device-side assertions.

[23:25:22] [INFO] ===== ¦Ū„D®É¶”¬q 18:00 ¶}©l =====
[23:25:22] [ERROR] [A] ¦Ū„DØMµ¦„¢±Ń”GCUDA error: an illegal memory access was encountered
CUDA kernel errors might be asynchronously reported at some other API call, so the stacktrace below might be incorrect.
For debugging consider passing CUDA_LAUNCH_BLOCKING=1
Compile with `TORCH_USE_CUDA_DSA` to enable device-side assertions.

[23:25:22] [ERROR] [B] ¦Ū„DØMµ¦„¢±Ń”GCUDA error: an illegal memory access was encountered
CUDA kernel errors might be asynchronously reported at some other API call, so the stacktrace below might be incorrect.
For debugging consider passing CUDA_LAUNCH_BLOCKING=1
Compile with `TORCH_USE_CUDA_DSA` to enable device-side assertions.

[23:25:22] [ERROR] [C] ¦Ū„DØMµ¦„¢±Ń”GCUDA error: an illegal memory access was encountered
CUDA kernel errors might be asynchronously reported at some other API call, so the stacktrace below might be incorrect.
For debugging consider passing CUDA_LAUNCH_BLOCKING=1
Compile with `TORCH_USE_CUDA_DSA` to enable device-side assertions.

[23:25:22] [ERROR] [D] ¦Ū„DØMµ¦„¢±Ń”GCUDA error: an illegal memory access was encountered
CUDA kernel errors might be asynchronously reported at some other API call, so the stacktrace below might be incorrect.
For debugging consider passing CUDA_LAUNCH_BLOCKING=1
Compile with `TORCH_USE_CUDA_DSA` to enable device-side assertions.

[23:25:22] [ERROR] [E] ¦Ū„DØMµ¦„¢±Ń”GCUDA error: an illegal memory access was encountered
CUDA kernel errors might be asynchronously reported at some other API call, so the stacktrace below might be incorrect.
For debugging consider passing CUDA_LAUNCH_BLOCKING=1
Compile with `TORCH_USE_CUDA_DSA` to enable device-side assertions.

[23:25:22] [INFO] ===== ¦Ū„D®É¶”¬q 19:00 ¶}©l =====
[23:25:22] [ERROR] [A] ¦Ū„DØMµ¦„¢±Ń”GCUDA error: an illegal memory access was encountered
CUDA kernel errors might be asynchronously reported at some other API call, so the stacktrace below might be incorrect.
For debugging consider passing CUDA_LAUNCH_BLOCKING=1
Compile with `TORCH_USE_CUDA_DSA` to enable device-side assertions.

[23:25:22] [ERROR] [B] ¦Ū„DØMµ¦„¢±Ń”GCUDA error: an illegal memory access was encountered
CUDA kernel errors might be asynchronously reported at some other API call, so the stacktrace below might be incorrect.
For debugging consider passing CUDA_LAUNCH_BLOCKING=1
Compile with `TORCH_USE_CUDA_DSA` to enable device-side assertions.

[23:25:22] [ERROR] [C] ¦Ū„DØMµ¦„¢±Ń”GCUDA error: an illegal memory access was encountered
CUDA kernel errors might be asynchronously reported at some other API call, so the stacktrace below might be incorrect.
For debugging consider passing CUDA_LAUNCH_BLOCKING=1
Compile with `TORCH_USE_CUDA_DSA` to enable device-side assertions.

[23:25:22] [ERROR] [D] ¦Ū„DØMµ¦„¢±Ń”GCUDA error: an illegal memory access was encountered
CUDA kernel errors might be asynchronously reported at some other API call, so the stacktrace below might be incorrect.
For debugging consider passing CUDA_LAUNCH_BLOCKING=1
Compile with `TORCH_USE_CUDA_DSA` to enable device-side assertions.

[23:25:22] [ERROR] [E] ¦Ū„DØMµ¦„¢±Ń”GCUDA error: an illegal memory access was encountered
CUDA kernel errors might be asynchronously reported at some other API call, so the stacktrace below might be incorrect.
For debugging consider passing CUDA_LAUNCH_BLOCKING=1
Compile with `TORCH_USE_CUDA_DSA` to enable device-side assertions.

[23:25:22] [INFO] ===== ¦Ū„D®É¶”¬q 20:00 ¶}©l =====
[23:25:22] [ERROR] [A] ¦Ū„DØMµ¦„¢±Ń”GCUDA error: an illegal memory access was encountered
CUDA kernel errors might be asynchronously reported at some other API call, so the stacktrace below might be incorrect.
For debugging consider passing CUDA_LAUNCH_BLOCKING=1
Compile with `TORCH_USE_CUDA_DSA` to enable device-side assertions.

[23:25:22] [ERROR] [B] ¦Ū„DØMµ¦„¢±Ń”GCUDA error: an illegal memory access was encountered
CUDA kernel errors might be asynchronously reported at some other API call, so the stacktrace below might be incorrect.
For debugging consider passing CUDA_LAUNCH_BLOCKING=1
Compile with `TORCH_USE_CUDA_DSA` to enable device-side assertions.

[23:25:22] [ERROR] [C] ¦Ū„DØMµ¦„¢±Ń”GCUDA error: an illegal memory access was encountered
CUDA kernel errors might be asynchronously reported at some other API call, so the stacktrace below might be incorrect.
For debugging consider passing CUDA_LAUNCH_BLOCKING=1
Compile with `TORCH_USE_CUDA_DSA` to enable device-side assertions.

[23:25:22] [ERROR] [D] ¦Ū„DØMµ¦„¢±Ń”GCUDA error: an illegal memory access was encountered
CUDA kernel errors might be asynchronously reported at some other API call, so the stacktrace below might be incorrect.
For debugging consider passing CUDA_LAUNCH_BLOCKING=1
Compile with `TORCH_USE_CUDA_DSA` to enable device-side assertions.

[23:25:22] [ERROR] [E] ¦Ū„DØMµ¦„¢±Ń”GCUDA error: an illegal memory access was encountered
CUDA kernel errors might be asynchronously reported at some other API call, so the stacktrace below might be incorrect.
For debugging consider passing CUDA_LAUNCH_BLOCKING=1
Compile with `TORCH_USE_CUDA_DSA` to enable device-side assertions.

[23:25:22] [INFO] ===== ¦Ū„D®É¶”¬q 21:00 ¶}©l =====
[23:25:22] [ERROR] [A] ¦Ū„DØMµ¦„¢±Ń”GCUDA error: an illegal memory access was encountered
CUDA kernel errors might be asynchronously reported at some other API call, so the stacktrace below might be incorrect.
For debugging consider passing CUDA_LAUNCH_BLOCKING=1
Compile with `TORCH_USE_CUDA_DSA` to enable device-side assertions.

[23:25:22] [ERROR] [B] ¦Ū„DØMµ¦„¢±Ń”GCUDA error: an illegal memory access was encountered
CUDA kernel errors might be asynchronously reported at some other API call, so the stacktrace below might be incorrect.
For debugging consider passing CUDA_LAUNCH_BLOCKING=1
Compile with `TORCH_USE_CUDA_DSA` to enable device-side assertions.

[23:25:22] [ERROR] [C] ¦Ū„DØMµ¦„¢±Ń”GCUDA error: an illegal memory access was encountered
CUDA kernel errors might be asynchronously reported at some other API call, so the stacktrace below might be incorrect.
For debugging consider passing CUDA_LAUNCH_BLOCKING=1
Compile with `TORCH_USE_CUDA_DSA` to enable device-side assertions.

[23:25:22] [ERROR] [D] ¦Ū„DØMµ¦„¢±Ń”GCUDA error: an illegal memory access was encountered
CUDA kernel errors might be asynchronously reported at some other API call, so the stacktrace below might be incorrect.
For debugging consider passing CUDA_LAUNCH_BLOCKING=1
Compile with `TORCH_USE_CUDA_DSA` to enable device-side assertions.

[23:25:22] [ERROR] [E] ¦Ū„DØMµ¦„¢±Ń”GCUDA error: an illegal memory access was encountered
CUDA kernel errors might be asynchronously reported at some other API call, so the stacktrace below might be incorrect.
For debugging consider passing CUDA_LAUNCH_BLOCKING=1
Compile with `TORCH_USE_CUDA_DSA` to enable device-side assertions.

[23:25:22] [INFO] ===== ¦Ū„D®É¶”¬q 22:00 ¶}©l =====
[23:25:22] [ERROR] [A] ¦Ū„DØMµ¦„¢±Ń”GCUDA error: an illegal memory access was encountered
CUDA kernel errors might be asynchronously reported at some other API call, so the stacktrace below might be incorrect.
For debugging consider passing CUDA_LAUNCH_BLOCKING=1
Compile with `TORCH_USE_CUDA_DSA` to enable device-side assertions.

[23:25:22] [ERROR] [B] ¦Ū„DØMµ¦„¢±Ń”GCUDA error: an illegal memory access was encountered
CUDA kernel errors might be asynchronously reported at some other API call, so the stacktrace below might be incorrect.
For debugging consider passing CUDA_LAUNCH_BLOCKING=1
Compile with `TORCH_USE_CUDA_DSA` to enable device-side assertions.

[23:25:22] [ERROR] [C] ¦Ū„DØMµ¦„¢±Ń”GCUDA error: an illegal memory access was encountered
CUDA kernel errors might be asynchronously reported at some other API call, so the stacktrace below might be incorrect.
For debugging consider passing CUDA_LAUNCH_BLOCKING=1
Compile with `TORCH_USE_CUDA_DSA` to enable device-side assertions.

[23:25:22] [ERROR] [D] ¦Ū„DØMµ¦„¢±Ń”GCUDA error: an illegal memory access was encountered
CUDA kernel errors might be asynchronously reported at some other API call, so the stacktrace below might be incorrect.
For debugging consider passing CUDA_LAUNCH_BLOCKING=1
Compile with `TORCH_USE_CUDA_DSA` to enable device-side assertions.

[23:25:22] [ERROR] [E] ¦Ū„DØMµ¦„¢±Ń”GCUDA error: an illegal memory access was encountered
CUDA kernel errors might be asynchronously reported at some other API call, so the stacktrace below might be incorrect.
For debugging consider passing CUDA_LAUNCH_BLOCKING=1
Compile with `TORCH_USE_CUDA_DSA` to enable device-side assertions.

[23:25:22] [INFO] ===== ¦Ū„D®É¶”¬q 23:00 ¶}©l =====
[23:25:22] [ERROR] [A] ¦Ū„DØMµ¦„¢±Ń”GCUDA error: an illegal memory access was encountered
CUDA kernel errors might be asynchronously reported at some other API call, so the stacktrace below might be incorrect.
For debugging consider passing CUDA_LAUNCH_BLOCKING=1
Compile with `TORCH_USE_CUDA_DSA` to enable device-side assertions.

[23:25:22] [ERROR] [B] ¦Ū„DØMµ¦„¢±Ń”GCUDA error: an illegal memory access was encountered
CUDA kernel errors might be asynchronously reported at some other API call, so the stacktrace below might be incorrect.
For debugging consider passing CUDA_LAUNCH_BLOCKING=1
Compile with `TORCH_USE_CUDA_DSA` to enable device-side assertions.

[23:25:22] [ERROR] [C] ¦Ū„DØMµ¦„¢±Ń”GCUDA error: an illegal memory access was encountered
CUDA kernel errors might be asynchronously reported at some other API call, so the stacktrace below might be incorrect.
For debugging consider passing CUDA_LAUNCH_BLOCKING=1
Compile with `TORCH_USE_CUDA_DSA` to enable device-side assertions.

[23:25:22] [ERROR] [D] ¦Ū„DØMµ¦„¢±Ń”GCUDA error: an illegal memory access was encountered
CUDA kernel errors might be asynchronously reported at some other API call, so the stacktrace below might be incorrect.
For debugging consider passing CUDA_LAUNCH_BLOCKING=1
Compile with `TORCH_USE_CUDA_DSA` to enable device-side assertions.

[23:25:22] [ERROR] [E] ¦Ū„DØMµ¦„¢±Ń”GCUDA error: an illegal memory access was encountered
CUDA kernel errors might be asynchronously reported at some other API call, so the stacktrace below might be incorrect.
For debugging consider passing CUDA_LAUNCH_BLOCKING=1
Compile with `TORCH_USE_CUDA_DSA` to enable device-side assertions.

[23:25:22] [INFO] ===== ¦Ū„D®É¶”¬q 00:00 ¶}©l =====
[23:25:22] [ERROR] [A] ¦Ū„DØMµ¦„¢±Ń”GCUDA error: an illegal memory access was encountered
CUDA kernel errors might be asynchronously reported at some other API call, so the stacktrace below might be incorrect.
For debugging consider passing CUDA_LAUNCH_BLOCKING=1
Compile with `TORCH_USE_CUDA_DSA` to enable device-side assertions.

[23:25:22] [ERROR] [B] ¦Ū„DØMµ¦„¢±Ń”GCUDA error: an illegal memory access was encountered
CUDA kernel errors might be asynchronously reported at some other API call, so the stacktrace below might be incorrect.
For debugging consider passing CUDA_LAUNCH_BLOCKING=1
Compile with `TORCH_USE_CUDA_DSA` to enable device-side assertions.

[23:25:22] [ERROR] [C] ¦Ū„DØMµ¦„¢±Ń”GCUDA error: an illegal memory access was encountered
CUDA kernel errors might be asynchronously reported at some other API call, so the stacktrace below might be incorrect.
For debugging consider passing CUDA_LAUNCH_BLOCKING=1
Compile with `TORCH_USE_CUDA_DSA` to enable device-side assertions.

[23:25:22] [ERROR] [D] ¦Ū„DØMµ¦„¢±Ń”GCUDA error: an illegal memory access was encountered
CUDA kernel errors might be asynchronously reported at some other API call, so the stacktrace below might be incorrect.
For debugging consider passing CUDA_LAUNCH_BLOCKING=1
Compile with `TORCH_USE_CUDA_DSA` to enable device-side assertions.

[23:25:22] [ERROR] [E] ¦Ū„DØMµ¦„¢±Ń”GCUDA error: an illegal memory access was encountered
CUDA kernel errors might be asynchronously reported at some other API call, so the stacktrace below might be incorrect.
For debugging consider passing CUDA_LAUNCH_BLOCKING=1
Compile with `TORCH_USE_CUDA_DSA` to enable device-side assertions.

[23:25:22] [INFO] ===== ¦Ū„D®É¶”¬q 01:00 ¶}©l =====
[23:25:22] [ERROR] [A] ¦Ū„DØMµ¦„¢±Ń”GCUDA error: an illegal memory access was encountered
CUDA kernel errors might be asynchronously reported at some other API call, so the stacktrace below might be incorrect.
For debugging consider passing CUDA_LAUNCH_BLOCKING=1
Compile with `TORCH_USE_CUDA_DSA` to enable device-side assertions.

[23:25:22] [ERROR] [B] ¦Ū„DØMµ¦„¢±Ń”GCUDA error: an illegal memory access was encountered
CUDA kernel errors might be asynchronously reported at some other API call, so the stacktrace below might be incorrect.
For debugging consider passing CUDA_LAUNCH_BLOCKING=1
Compile with `TORCH_USE_CUDA_DSA` to enable device-side assertions.

[23:25:22] [ERROR] [C] ¦Ū„DØMµ¦„¢±Ń”GCUDA error: an illegal memory access was encountered
CUDA kernel errors might be asynchronously reported at some other API call, so the stacktrace below might be incorrect.
For debugging consider passing CUDA_LAUNCH_BLOCKING=1
Compile with `TORCH_USE_CUDA_DSA` to enable device-side assertions.

[23:25:22] [ERROR] [D] ¦Ū„DØMµ¦„¢±Ń”GCUDA error: an illegal memory access was encountered
CUDA kernel errors might be asynchronously reported at some other API call, so the stacktrace below might be incorrect.
For debugging consider passing CUDA_LAUNCH_BLOCKING=1
Compile with `TORCH_USE_CUDA_DSA` to enable device-side assertions.

[23:25:22] [ERROR] [E] ¦Ū„DØMµ¦„¢±Ń”GCUDA error: an illegal memory access was encountered
CUDA kernel errors might be asynchronously reported at some other API call, so the stacktrace below might be incorrect.
For debugging consider passing CUDA_LAUNCH_BLOCKING=1
Compile with `TORCH_USE_CUDA_DSA` to enable device-side assertions.

[23:25:22] [INFO] ===== ¦Ū„D®É¶”¬q 02:00 ¶}©l =====
[23:25:22] [ERROR] [A] ¦Ū„DØMµ¦„¢±Ń”GCUDA error: an illegal memory access was encountered
CUDA kernel errors might be asynchronously reported at some other API call, so the stacktrace below might be incorrect.
For debugging consider passing CUDA_LAUNCH_BLOCKING=1
Compile with `TORCH_USE_CUDA_DSA` to enable device-side assertions.

[23:25:22] [ERROR] [B] ¦Ū„DØMµ¦„¢±Ń”GCUDA error: an illegal memory access was encountered
CUDA kernel errors might be asynchronously reported at some other API call, so the stacktrace below might be incorrect.
For debugging consider passing CUDA_LAUNCH_BLOCKING=1
Compile with `TORCH_USE_CUDA_DSA` to enable device-side assertions.

[23:25:22] [ERROR] [C] ¦Ū„DØMµ¦„¢±Ń”GCUDA error: an illegal memory access was encountered
CUDA kernel errors might be asynchronously reported at some other API call, so the stacktrace below might be incorrect.
For debugging consider passing CUDA_LAUNCH_BLOCKING=1
Compile with `TORCH_USE_CUDA_DSA` to enable device-side assertions.

[23:25:22] [ERROR] [D] ¦Ū„DØMµ¦„¢±Ń”GCUDA error: an illegal memory access was encountered
CUDA kernel errors might be asynchronously reported at some other API call, so the stacktrace below might be incorrect.
For debugging consider passing CUDA_LAUNCH_BLOCKING=1
Compile with `TORCH_USE_CUDA_DSA` to enable device-side assertions.

[23:25:22] [ERROR] [E] ¦Ū„DØMµ¦„¢±Ń”GCUDA error: an illegal memory access was encountered
CUDA kernel errors might be asynchronously reported at some other API call, so the stacktrace below might be incorrect.
For debugging consider passing CUDA_LAUNCH_BLOCKING=1
Compile with `TORCH_USE_CUDA_DSA` to enable device-side assertions.

[23:25:22] [INFO] ===== ¦Ū„D®É¶”¬q 03:00 ¶}©l =====
[23:25:22] [ERROR] [A] ¦Ū„DØMµ¦„¢±Ń”GCUDA error: an illegal memory access was encountered
CUDA kernel errors might be asynchronously reported at some other API call, so the stacktrace below might be incorrect.
For debugging consider passing CUDA_LAUNCH_BLOCKING=1
Compile with `TORCH_USE_CUDA_DSA` to enable device-side assertions.

[23:25:22] [ERROR] [B] ¦Ū„DØMµ¦„¢±Ń”GCUDA error: an illegal memory access was encountered
CUDA kernel errors might be asynchronously reported at some other API call, so the stacktrace below might be incorrect.
For debugging consider passing CUDA_LAUNCH_BLOCKING=1
Compile with `TORCH_USE_CUDA_DSA` to enable device-side assertions.

[23:25:22] [ERROR] [C] ¦Ū„DØMµ¦„¢±Ń”GCUDA error: an illegal memory access was encountered
CUDA kernel errors might be asynchronously reported at some other API call, so the stacktrace below might be incorrect.
For debugging consider passing CUDA_LAUNCH_BLOCKING=1
Compile with `TORCH_USE_CUDA_DSA` to enable device-side assertions.

[23:25:22] [ERROR] [D] ¦Ū„DØMµ¦„¢±Ń”GCUDA error: an illegal memory access was encountered
CUDA kernel errors might be asynchronously reported at some other API call, so the stacktrace below might be incorrect.
For debugging consider passing CUDA_LAUNCH_BLOCKING=1
Compile with `TORCH_USE_CUDA_DSA` to enable device-side assertions.

[23:25:22] [ERROR] [E] ¦Ū„DØMµ¦„¢±Ń”GCUDA error: an illegal memory access was encountered
CUDA kernel errors might be asynchronously reported at some other API call, so the stacktrace below might be incorrect.
For debugging consider passing CUDA_LAUNCH_BLOCKING=1
Compile with `TORCH_USE_CUDA_DSA` to enable device-side assertions.

[23:25:22] [INFO] [A] ­ā±į 04:00 ±jØī¤JŗĪ
[23:25:22] [INFO] [A] ¶}©lŗĪÆvæ@ĮY...
[ModelLoader] ęØ”åč¼å„å®ęć
  Phi ęØ”åč¼å„å®ę
  č§č²ļ¼['A', 'B', 'C', 'D', 'E']  ęéļ¼ē¬¬1å¤© 06:00

==============================================================
  Day 1 čŖäø»ęØ”ę¬
==============================================================
Traceback (most recent call last):
  File "C:\Users\agi10\OneDrive\Desktop\030\AI-Town-simulate\AI-Town-simulate\simulate.py", line 2376, in <module>
    success = main(use_real_model=True, num_slots=args.slots,
  File "C:\Users\agi10\OneDrive\Desktop\030\AI-Town-simulate\AI-Town-simulate\simulate.py", line 2319, in main
    day_records = run_autonomous_simulation(manager, max_days=n_days)
  File "C:\Users\agi10\OneDrive\Desktop\030\AI-Town-simulate\AI-Town-simulate\simulate.py", line 2248, in run_autonomous_simulation
    day_data = manager.run_autonomous_day(day_n)
  File "C:\Users\agi10\OneDrive\Desktop\030\AI-Town-simulate\AI-Town-simulate\.\agent\agent_manager.py", line 601, in run_autonomous_day
    _sleep_and_record(code)
  File "C:\Users\agi10\OneDrive\Desktop\030\AI-Town-simulate\AI-Town-simulate\.\agent\agent_manager.py", line 580, in _sleep_and_record
    res    = self._do_sleep(code)
  File "C:\Users\agi10\OneDrive\Desktop\030\AI-Town-simulate\AI-Town-simulate\.\agent\agent_manager.py", line 789, in _do_sleep
    result = agent.sleep()
  File "C:\Users\agi10\OneDrive\Desktop\030\AI-Town-simulate\AI-Town-simulate\.\agent\agent.py", line 420, in sleep
    result = consolidate(
  File "C:\Users\agi10\OneDrive\Desktop\030\AI-Town-simulate\AI-Town-simulate\.\core\memory_consolidation.py", line 48, in consolidate
    important_props = _select_important(
  File "C:\Users\agi10\OneDrive\Desktop\030\AI-Town-simulate\AI-Town-simulate\.\core\memory_consolidation.py", line 119, in _select_important
    raw        = model_fn(prompt)
  File "C:\Users\agi10\OneDrive\Desktop\030\AI-Town-simulate\AI-Town-simulate\.\model\model_loader.py", line 100, in model_fn
    return self.fusion.generate(
  File "C:\Users\agi10\anaconda3\envs\agi_sim\lib\site-packages\torch\utils\_contextlib.py", line 116, in decorate_context
    return func(*args, **kwargs)
  File "C:\Users\agi10\OneDrive\Desktop\030\AI-Town-simulate\AI-Town-simulate\.\model\fusion_decoder.py", line 68, in generate
    fused_inputs = {
  File "C:\Users\agi10\OneDrive\Desktop\030\AI-Town-simulate\AI-Town-simulate\.\model\fusion_decoder.py", line 69, in <dictcomp>
    k: (v.to(self.device) if hasattr(v, "to") else v)
RuntimeError: CUDA error: an illegal memory access was encountered
CUDA kernel errors might be asynchronously reported at some other API call, so the stacktrace below might be incorrect.
For debugging consider passing CUDA_LAUNCH_BLOCKING=1
Compile with `TORCH_USE_CUDA_DSA` to enable device-side assertions.

