[23:45:06] [INFO] AgentManager 初始化，角色：['A', 'B', 'C', 'D', 'E']
[23:45:06] [DEBUG] [A] MARKOV 決策: 前往:公寓  機率分布: 前往:0.0769, 回家:0.0769, 對話:0.0769, 打招呼:0.0769
[23:45:06] [INFO] [A] D001_T001 | mode=markov | C=0.000 | action=前往:公寓
[23:45:06] [DEBUG] [B] MARKOV 決策: 前往:公寓  機率分布: 前往:0.0769, 回家:0.0769, 對話:0.0769, 打招呼:0.0769
[23:45:06] [INFO] [B] D001_T001 | mode=markov | C=0.000 | action=前往:公寓
[23:45:06] [DEBUG] [C] MARKOV 決策: 前往:公寓  機率分布: 前往:0.0769, 回家:0.0769, 對話:0.0769, 打招呼:0.0769
[23:45:06] [INFO] [C] D001_T001 | mode=markov | C=0.000 | action=前往:公寓
[23:45:06] [DEBUG] [D] MARKOV 決策: 前往:獨棟房子  機率分布: 前往:0.0769, 回家:0.0769, 對話:0.0769, 打招呼:0.0769
[23:45:06] [INFO] [D] D001_T001 | mode=markov | C=0.000 | action=前往:獨棟房子
[23:45:06] [DEBUG] [E] MARKOV 決策: 前往:獨棟房子 2  機率分布: 前往:0.0769, 回家:0.0769, 對話:0.0769, 打招呼:0.0769
[23:45:06] [INFO] [E] D001_T001 | mode=markov | C=0.000 | action=前往:獨棟房子 2
[23:45:06] [DEBUG] [A] MARKOV 決策: 前往:公寓  機率分布: 前往:0.0769, 回家:0.0769, 對話:0.0769, 打招呼:0.0769
[23:45:06] [INFO] [A] D001_T002 | mode=markov | C=0.000 | action=前往:公寓
[23:45:06] [DEBUG] [B] MARKOV 決策: 前往:公寓  機率分布: 前往:0.0769, 回家:0.0769, 對話:0.0769, 打招呼:0.0769
[23:45:06] [INFO] [B] D001_T002 | mode=markov | C=0.000 | action=前往:公寓
[23:45:06] [DEBUG] [C] MARKOV 決策: 前往:公寓  機率分布: 前往:0.0769, 回家:0.0769, 對話:0.0769, 打招呼:0.0769
[23:45:06] [INFO] [C] D001_T002 | mode=markov | C=0.000 | action=前往:公寓
[23:45:06] [DEBUG] [D] MARKOV 決策: 前往:獨棟房子  機率分布: 前往:0.0769, 回家:0.0769, 對話:0.0769, 打招呼:0.0769
[23:45:06] [INFO] [D] D001_T002 | mode=markov | C=0.000 | action=前往:獨棟房子
[23:45:06] [DEBUG] [E] MARKOV 決策: 前往:獨棟房子 2  機率分布: 前往:0.0769, 回家:0.0769, 對話:0.0769, 打招呼:0.0769
[23:45:06] [INFO] [E] D001_T002 | mode=markov | C=0.000 | action=前往:獨棟房子 2
[23:45:06] [DEBUG] [A] MARKOV 決策: 前往:公寓  機率分布: 前往:0.1429, 回家:0.0714, 對話:0.0714, 打招呼:0.0714
[23:45:06] [INFO] [A] D001_T003 | mode=markov | C=0.000 | action=前往:公寓
[23:45:06] [DEBUG] [B] MARKOV 決策: 前往:公寓  機率分布: 前往:0.1429, 回家:0.0714, 對話:0.0714, 打招呼:0.0714
[23:45:06] [INFO] [B] D001_T003 | mode=markov | C=0.000 | action=前往:公寓
[23:45:06] [DEBUG] [C] MARKOV 決策: 前往:公寓  機率分布: 前往:0.1429, 回家:0.0714, 對話:0.0714, 打招呼:0.0714
[23:45:06] [INFO] [C] D001_T003 | mode=markov | C=0.000 | action=前往:公寓
[23:45:06] [DEBUG] [D] MARKOV 決策: 前往:獨棟房子  機率分布: 前往:0.1429, 回家:0.0714, 對話:0.0714, 打招呼:0.0714
[23:45:06] [INFO] [D] D001_T003 | mode=markov | C=0.000 | action=前往:獨棟房子
[23:45:06] [DEBUG] [E] MARKOV 決策: 前往:獨棟房子 2  機率分布: 前往:0.1429, 回家:0.0714, 對話:0.0714, 打招呼:0.0714
[23:45:06] [INFO] [E] D001_T003 | mode=markov | C=0.000 | action=前往:獨棟房子 2
[23:45:06] [DEBUG] [A] MARKOV 決策: 前往:公寓  機率分布: 前往:0.1999, 回家:0.0667, 對話:0.0667, 打招呼:0.0667
[23:45:06] [INFO] [A] D001_T004 | mode=markov | C=0.000 | action=前往:公寓
[23:45:06] [DEBUG] [B] MARKOV 決策: 前往:公寓  機率分布: 前往:0.1999, 回家:0.0667, 對話:0.0667, 打招呼:0.0667
[23:45:06] [INFO] [B] D001_T004 | mode=markov | C=0.000 | action=前往:公寓
[23:45:06] [DEBUG] [C] MARKOV 決策: 前往:公寓  機率分布: 前往:0.1999, 回家:0.0667, 對話:0.0667, 打招呼:0.0667
[23:45:06] [INFO] [C] D001_T004 | mode=markov | C=0.000 | action=前往:公寓
[23:45:06] [DEBUG] [D] MARKOV 決策: 前往:獨棟房子  機率分布: 前往:0.1999, 回家:0.0667, 對話:0.0667, 打招呼:0.0667
[23:45:06] [INFO] [D] D001_T004 | mode=markov | C=0.000 | action=前往:獨棟房子
[23:45:06] [DEBUG] [E] MARKOV 決策: 前往:獨棟房子 2  機率分布: 前往:0.1999, 回家:0.0667, 對話:0.0667, 打招呼:0.0667
[23:45:06] [INFO] [E] D001_T004 | mode=markov | C=0.000 | action=前往:獨棟房子 2
[23:45:06] [INFO] [A] 決定結束對話（工作）
[23:45:06] [INFO] [A↔D] 對話結束，共 1 輪
[23:45:06] [INFO] [A] 開始睡眠濃縮...
[23:45:06] [INFO] [A] 濃縮完成：新增 1 筆 LTM，修剪 0 筆，總計 1 筆
[23:45:06] [INFO] [A] Day 2 睡眠濃縮完成 | STM=1 筆 -> LTM 新增後共 1 筆命題
[23:45:06] [INFO] [A] 存檔完成，進入第 2 天
[23:45:06] [INFO] [B] 開始睡眠濃縮...
[23:45:06] [INFO] [B] 濃縮完成：新增 0 筆 LTM，修剪 0 筆，總計 0 筆
[23:45:06] [INFO] [B] Day 2 睡眠濃縮完成 | STM=0 筆 -> LTM 新增後共 0 筆命題
[23:45:06] [INFO] [B] 存檔完成，進入第 2 天
[23:45:06] [INFO] [C] 開始睡眠濃縮...
[23:45:06] [INFO] [C] 濃縮完成：新增 0 筆 LTM，修剪 0 筆，總計 0 筆
[23:45:06] [INFO] [C] Day 2 睡眠濃縮完成 | STM=0 筆 -> LTM 新增後共 0 筆命題
[23:45:06] [INFO] [C] 存檔完成，進入第 2 天
[23:45:06] [INFO] [D] 開始睡眠濃縮...
[23:45:06] [INFO] [D] 濃縮完成：新增 0 筆 LTM，修剪 0 筆，總計 0 筆
[23:45:06] [INFO] [D] Day 2 睡眠濃縮完成 | STM=0 筆 -> LTM 新增後共 0 筆命題
[23:45:06] [INFO] [D] 存檔完成，進入第 2 天
[23:45:06] [INFO] [E] 開始睡眠濃縮...
[23:45:06] [INFO] [E] 濃縮完成：新增 0 筆 LTM，修剪 0 筆，總計 0 筆
[23:45:06] [INFO] [E] Day 2 睡眠濃縮完成 | STM=0 筆 -> LTM 新增後共 0 筆命題
[23:45:06] [INFO] [E] 存檔完成，進入第 2 天
[23:45:06] [INFO] 所有角色已入睡，世界推進到第 2 天
[23:45:06] [INFO] [A→B] 對話傳遞
[23:45:06] [DEBUG] [B] MARKOV 決策: 前往:公寓  機率分布: 前往:0.0769, 回家:0.0769, 對話:0.0769, 打招呼:0.0769
[23:45:06] [INFO] [B] D002_T001 | mode=markov | C=0.000 | action=前往:公寓
[23:46:05] [INFO] AgentManager 初始化，角色：['A', 'B', 'C', 'D', 'E']
[23:46:05] [DEBUG] [A] MARKOV 決策: 前往:公寓  機率分布: 前往:0.0769, 回家:0.0769, 對話:0.0769, 打招呼:0.0769
[23:46:05] [INFO] [A] D001_T001 | mode=markov | C=0.000 | action=前往:公寓
[23:46:05] [DEBUG] [B] MARKOV 決策: 前往:公寓  機率分布: 前往:0.0769, 回家:0.0769, 對話:0.0769, 打招呼:0.0769
[23:46:05] [INFO] [B] D001_T001 | mode=markov | C=0.000 | action=前往:公寓
[23:46:05] [DEBUG] [C] MARKOV 決策: 前往:公寓  機率分布: 前往:0.0769, 回家:0.0769, 對話:0.0769, 打招呼:0.0769
[23:46:05] [INFO] [C] D001_T001 | mode=markov | C=0.000 | action=前往:公寓
[23:46:05] [DEBUG] [D] MARKOV 決策: 前往:獨棟房子  機率分布: 前往:0.0769, 回家:0.0769, 對話:0.0769, 打招呼:0.0769
[23:46:05] [INFO] [D] D001_T001 | mode=markov | C=0.000 | action=前往:獨棟房子
[23:46:05] [DEBUG] [E] MARKOV 決策: 前往:獨棟房子 2  機率分布: 前往:0.0769, 回家:0.0769, 對話:0.0769, 打招呼:0.0769
[23:46:05] [INFO] [E] D001_T001 | mode=markov | C=0.000 | action=前往:獨棟房子 2
[23:46:05] [DEBUG] [A] MARKOV 決策: 前往:公寓  機率分布: 前往:0.0769, 回家:0.0769, 對話:0.0769, 打招呼:0.0769
[23:46:05] [INFO] [A] D001_T002 | mode=markov | C=0.000 | action=前往:公寓
[23:46:05] [DEBUG] [B] MARKOV 決策: 前往:公寓  機率分布: 前往:0.0769, 回家:0.0769, 對話:0.0769, 打招呼:0.0769
[23:46:05] [INFO] [B] D001_T002 | mode=markov | C=0.000 | action=前往:公寓
[23:46:05] [DEBUG] [C] MARKOV 決策: 前往:公寓  機率分布: 前往:0.0769, 回家:0.0769, 對話:0.0769, 打招呼:0.0769
[23:46:05] [INFO] [C] D001_T002 | mode=markov | C=0.000 | action=前往:公寓
[23:46:05] [DEBUG] [D] MARKOV 決策: 前往:獨棟房子  機率分布: 前往:0.0769, 回家:0.0769, 對話:0.0769, 打招呼:0.0769
[23:46:05] [INFO] [D] D001_T002 | mode=markov | C=0.000 | action=前往:獨棟房子
[23:46:05] [DEBUG] [E] MARKOV 決策: 前往:獨棟房子 2  機率分布: 前往:0.0769, 回家:0.0769, 對話:0.0769, 打招呼:0.0769
[23:46:05] [INFO] [E] D001_T002 | mode=markov | C=0.000 | action=前往:獨棟房子 2
[23:47:23] [INFO] [A] 決定結束對話（前往）
[23:47:23] [INFO] [A↔D] 對話結束，共 1 輪
[23:47:23] [INFO] [A] 開始睡眠濃縮...
